# JRE version: OpenJDK Runtime Environment (8.0_242-b01) (build 1.8.0_242-release-1644-b01)
# Java VM: OpenJDK 64-Bit Server VM (25.242-b01 mixed mode windows-amd64 compressed oops)
Heap:
 PSYoungGen      total 391680K, used 103414K [0x00000000d5580000, 0x00000000f4800000, 0x0000000100000000)
  eden space 365568K, 21% used [0x00000000d5580000,0x00000000da101fd8,0x00000000eba80000)
  from space 26112K, 99% used [0x00000000eba80000,0x00000000ed3fb8c8,0x00000000ed400000)
  to   space 36352K, 0% used [0x00000000f2480000,0x00000000f2480000,0x00000000f4800000)
 ParOldGen       total 159232K, used 56581K [0x0000000080000000, 0x0000000089b80000, 0x00000000d5580000)
  object space 159232K, 35% used [0x0000000080000000,0x0000000083741478,0x0000000089b80000)
 Metaspace       used 83747K, capacity 88208K, committed 88344K, reserved 1126400K
  class space    used 11429K, capacity 12314K, committed 12336K, reserved 1048576K
GC Heap History (10 events):
Event: 7.605 GC heap before
{Heap before GC invocations=10 (full 2):
 PSYoungGen      total 205824K, used 192512K [0x00000000d5580000, 0x00000000e9a00000, 0x0000000100000000)
  eden space 192512K, 100% used [0x00000000d5580000,0x00000000e1180000,0x00000000e1180000)
  from space 13312K, 0% used [0x00000000e1180000,0x00000000e1180000,0x00000000e1e80000)
  to   space 13312K, 0% used [0x00000000e8d00000,0x00000000e8d00000,0x00000000e9a00000)
 ParOldGen       total 102912K, used 15767K [0x0000000080000000, 0x0000000086480000, 0x00000000d5580000)
  object space 102912K, 15% used [0x0000000080000000,0x0000000080f65e90,0x0000000086480000)
 Metaspace       used 45354K, capacity 47142K, committed 47528K, reserved 1089536K
  class space    used 6135K, capacity 6481K, committed 6576K, reserved 1048576K
Event: 7.630 GC heap after
Heap after GC invocations=10 (full 2):
 PSYoungGen      total 303104K, used 13310K [0x00000000d5580000, 0x00000000e9a00000, 0x0000000100000000)
  eden space 289792K, 0% used [0x00000000d5580000,0x00000000d5580000,0x00000000e7080000)
  from space 13312K, 99% used [0x00000000e8d00000,0x00000000e99ff8d0,0x00000000e9a00000)
  to   space 16384K, 0% used [0x00000000e7a00000,0x00000000e7a00000,0x00000000e8a00000)
 ParOldGen       total 102912K, used 19958K [0x0000000080000000, 0x0000000086480000, 0x00000000d5580000)
  object space 102912K, 19% used [0x0000000080000000,0x000000008137d890,0x0000000086480000)
 Metaspace       used 45354K, capacity 47142K, committed 47528K, reserved 1089536K
  class space    used 6135K, capacity 6481K, committed 6576K, reserved 1048576K
}
Event: 9.589 GC heap before
{Heap before GC invocations=11 (full 2):
 PSYoungGen      total 303104K, used 153380K [0x00000000d5580000, 0x00000000e9a00000, 0x0000000100000000)
  eden space 289792K, 48% used [0x00000000d5580000,0x00000000dde49908,0x00000000e7080000)
  from space 13312K, 99% used [0x00000000e8d00000,0x00000000e99ff8d0,0x00000000e9a00000)
  to   space 16384K, 0% used [0x00000000e7a00000,0x00000000e7a00000,0x00000000e8a00000)
 ParOldGen       total 102912K, used 19958K [0x0000000080000000, 0x0000000086480000, 0x00000000d5580000)
  object space 102912K, 19% used [0x0000000080000000,0x000000008137d890,0x0000000086480000)
 Metaspace       used 56730K, capacity 59062K, committed 59160K, reserved 1099776K
  class space    used 7764K, capacity 8236K, committed 8240K, reserved 1048576K
Event: 9.631 GC heap after
Heap after GC invocations=11 (full 2):
 PSYoungGen      total 315904K, used 16364K [0x00000000d5580000, 0x00000000eed80000, 0x0000000100000000)
  eden space 299520K, 0% used [0x00000000d5580000,0x00000000d5580000,0x00000000e7a00000)
  from space 16384K, 99% used [0x00000000e7a00000,0x00000000e89fb330,0x00000000e8a00000)
  to   space 22528K, 0% used [0x00000000ed780000,0x00000000ed780000,0x00000000eed80000)
 ParOldGen       total 102912K, used 29342K [0x0000000080000000, 0x0000000086480000, 0x00000000d5580000)
  object space 102912K, 28% used [0x0000000080000000,0x0000000081ca7b10,0x0000000086480000)
 Metaspace       used 56730K, capacity 59062K, committed 59160K, reserved 1099776K
  class space    used 7764K, capacity 8236K, committed 8240K, reserved 1048576K
}
Event: 9.631 GC heap before
{Heap before GC invocations=12 (full 3):
 PSYoungGen      total 315904K, used 16364K [0x00000000d5580000, 0x00000000eed80000, 0x0000000100000000)
  eden space 299520K, 0% used [0x00000000d5580000,0x00000000d5580000,0x00000000e7a00000)
  from space 16384K, 99% used [0x00000000e7a00000,0x00000000e89fb330,0x00000000e8a00000)
  to   space 22528K, 0% used [0x00000000ed780000,0x00000000ed780000,0x00000000eed80000)
 ParOldGen       total 102912K, used 29342K [0x0000000080000000, 0x0000000086480000, 0x00000000d5580000)
  object space 102912K, 28% used [0x0000000080000000,0x0000000081ca7b10,0x0000000086480000)
 Metaspace       used 56730K, capacity 59062K, committed 59160K, reserved 1099776K
  class space    used 7764K, capacity 8236K, committed 8240K, reserved 1048576K
Event: 9.921 GC heap after
Heap after GC invocations=12 (full 3):
 PSYoungGen      total 315904K, used 0K [0x00000000d5580000, 0x00000000eed80000, 0x0000000100000000)
  eden space 299520K, 0% used [0x00000000d5580000,0x00000000d5580000,0x00000000e7a00000)
  from space 16384K, 0% used [0x00000000e7a00000,0x00000000e7a00000,0x00000000e8a00000)
  to   space 22528K, 0% used [0x00000000ed780000,0x00000000ed780000,0x00000000eed80000)
 ParOldGen       total 159232K, used 37556K [0x0000000080000000, 0x0000000089b80000, 0x00000000d5580000)
  object space 159232K, 23% used [0x0000000080000000,0x00000000824ad3e0,0x0000000089b80000)
 Metaspace       used 56710K, capacity 58996K, committed 59160K, reserved 1099776K
  class space    used 7758K, capacity 8225K, committed 8240K, reserved 1048576K
}
Event: 15.818 GC heap before
{Heap before GC invocations=13 (full 3):
 PSYoungGen      total 315904K, used 299520K [0x00000000d5580000, 0x00000000eed80000, 0x0000000100000000)
  eden space 299520K, 100% used [0x00000000d5580000,0x00000000e7a00000,0x00000000e7a00000)
  from space 16384K, 0% used [0x00000000e7a00000,0x00000000e7a00000,0x00000000e8a00000)
  to   space 22528K, 0% used [0x00000000ed780000,0x00000000ed780000,0x00000000eed80000)
 ParOldGen       total 159232K, used 37556K [0x0000000080000000, 0x0000000089b80000, 0x00000000d5580000)
  object space 159232K, 23% used [0x0000000080000000,0x00000000824ad3e0,0x0000000089b80000)
 Metaspace       used 68049K, capacity 71076K, committed 71448K, reserved 1110016K
  class space    used 9297K, capacity 9905K, committed 10032K, reserved 1048576K
Event: 15.853 GC heap after
Heap after GC invocations=13 (full 3):
 PSYoungGen      total 387072K, used 22527K [0x00000000d5580000, 0x00000000eed80000, 0x0000000100000000)
  eden space 364544K, 0% used [0x00000000d5580000,0x00000000d5580000,0x00000000eb980000)
  from space 22528K, 99% used [0x00000000ed780000,0x00000000eed7fcd0,0x00000000eed80000)
  to   space 26112K, 0% used [0x00000000eba80000,0x00000000eba80000,0x00000000ed400000)
 ParOldGen       total 159232K, used 38645K [0x0000000080000000, 0x0000000089b80000, 0x00000000d5580000)
  object space 159232K, 24% used [0x0000000080000000,0x00000000825bd7d8,0x0000000089b80000)
 Metaspace       used 68049K, capacity 71076K, committed 71448K, reserved 1110016K
  class space    used 9297K, capacity 9905K, committed 10032K, reserved 1048576K
}
Event: 21.065 GC heap before
{Heap before GC invocations=14 (full 3):
 PSYoungGen      total 387072K, used 387071K [0x00000000d5580000, 0x00000000eed80000, 0x0000000100000000)
  eden space 364544K, 100% used [0x00000000d5580000,0x00000000eb980000,0x00000000eb980000)
  from space 22528K, 99% used [0x00000000ed780000,0x00000000eed7fcd0,0x00000000eed80000)
  to   space 26112K, 0% used [0x00000000eba80000,0x00000000eba80000,0x00000000ed400000)
 ParOldGen       total 159232K, used 38645K [0x0000000080000000, 0x0000000089b80000, 0x00000000d5580000)
  object space 159232K, 24% used [0x0000000080000000,0x00000000825bd7d8,0x0000000089b80000)
 Metaspace       used 81484K, capacity 85684K, committed 85912K, reserved 1122304K
  class space    used 11237K, capacity 12096K, committed 12208K, reserved 1048576K
Event: 21.136 GC heap after
Heap after GC invocations=14 (full 3):
 PSYoungGen      total 391680K, used 26094K [0x00000000d5580000, 0x00000000f4800000, 0x0000000100000000)
  eden space 365568K, 0% used [0x00000000d5580000,0x00000000d5580000,0x00000000eba80000)
  from space 26112K, 99% used [0x00000000eba80000,0x00000000ed3fb8c8,0x00000000ed400000)
  to   space 36352K, 0% used [0x00000000f2480000,0x00000000f2480000,0x00000000f4800000)
 ParOldGen       total 159232K, used 56581K [0x0000000080000000, 0x0000000089b80000, 0x00000000d5580000)
  object space 159232K, 35% used [0x0000000080000000,0x0000000083741478,0x0000000089b80000)
 Metaspace       used 81484K, capacity 85684K, committed 85912K, reserved 1122304K
  class space    used 11237K, capacity 12096K, committed 12208K, reserved 1048576K
}

