# JRE version: OpenJDK Runtime Environment (8.0_242-b01) (build 1.8.0_242-release-1644-b01)
# Java VM: OpenJDK 64-Bit Server VM (25.242-b01 mixed mode windows-amd64 compressed oops)
Heap:
 PSYoungGen      total 405504K, used 289253K [0x00000000d5580000, 0x00000000f9480000, 0x0000000100000000)
  eden space 382976K, 73% used [0x00000000d5580000,0x00000000e6969430,0x00000000ecb80000)
  from space 22528K, 29% used [0x00000000f0300000,0x00000000f0990010,0x00000000f1900000)
  to   space 56832K, 0% used [0x00000000ecb80000,0x00000000ecb80000,0x00000000f0300000)
 ParOldGen       total 253440K, used 79233K [0x0000000080000000, 0x000000008f780000, 0x00000000d5580000)
  object space 253440K, 31% used [0x0000000080000000,0x0000000084d60678,0x000000008f780000)
 Metaspace       used 85494K, capacity 91244K, committed 91416K, reserved 1128448K
  class space    used 11317K, capacity 12301K, committed 12336K, reserved 1048576K
GC Heap History (10 events):
Event: 23.904 GC heap before
{Heap before GC invocations=15 (full 4):
 PSYoungGen      total 439808K, used 33782K [0x00000000d5580000, 0x00000000f3880000, 0x0000000100000000)
  eden space 406016K, 0% used [0x00000000d5580000,0x00000000d5580000,0x00000000ee200000)
  from space 33792K, 99% used [0x00000000ee200000,0x00000000f02fda18,0x00000000f0300000)
  to   space 22528K, 0% used [0x00000000f0300000,0x00000000f0300000,0x00000000f1900000)
 ParOldGen       total 140800K, used 124353K [0x0000000080000000, 0x0000000088980000, 0x00000000d5580000)
  object space 140800K, 88% used [0x0000000080000000,0x0000000087970520,0x0000000088980000)
 Metaspace       used 72459K, capacity 76302K, committed 76440K, reserved 1114112K
  class space    used 10068K, capacity 10808K, committed 10928K, reserved 1048576K
Event: 24.668 GC heap after
Heap after GC invocations=15 (full 4):
 PSYoungGen      total 439808K, used 0K [0x00000000d5580000, 0x00000000f3880000, 0x0000000100000000)
  eden space 406016K, 0% used [0x00000000d5580000,0x00000000d5580000,0x00000000ee200000)
  from space 33792K, 0% used [0x00000000ee200000,0x00000000ee200000,0x00000000f0300000)
  to   space 22528K, 0% used [0x00000000f0300000,0x00000000f0300000,0x00000000f1900000)
 ParOldGen       total 140800K, used 109129K [0x0000000080000000, 0x0000000088980000, 0x00000000d5580000)
  object space 140800K, 77% used [0x0000000080000000,0x0000000086a92738,0x0000000088980000)
 Metaspace       used 72428K, capacity 76208K, committed 76440K, reserved 1114112K
  class space    used 10058K, capacity 10791K, committed 10928K, reserved 1048576K
}
Event: 131.971 GC heap before
{Heap before GC invocations=16 (full 5):
 PSYoungGen      total 439808K, used 406016K [0x00000000d5580000, 0x00000000f3880000, 0x0000000100000000)
  eden space 406016K, 100% used [0x00000000d5580000,0x00000000ee200000,0x00000000ee200000)
  from space 33792K, 0% used [0x00000000ee200000,0x00000000ee200000,0x00000000f0300000)
  to   space 22528K, 0% used [0x00000000f0300000,0x00000000f0300000,0x00000000f1900000)
 ParOldGen       total 140800K, used 109129K [0x0000000080000000, 0x0000000088980000, 0x00000000d5580000)
  object space 140800K, 77% used [0x0000000080000000,0x0000000086a92738,0x0000000088980000)
 Metaspace       used 80363K, capacity 84450K, committed 84632K, reserved 1122304K
  class space    used 10792K, capacity 11594K, committed 11696K, reserved 1048576K
Event: 132.361 GC heap after
Heap after GC invocations=16 (full 5):
 PSYoungGen      total 439808K, used 0K [0x00000000d5580000, 0x00000000f3880000, 0x0000000100000000)
  eden space 406016K, 0% used [0x00000000d5580000,0x00000000d5580000,0x00000000ee200000)
  from space 33792K, 0% used [0x00000000ee200000,0x00000000ee200000,0x00000000f0300000)
  to   space 22528K, 0% used [0x00000000f0300000,0x00000000f0300000,0x00000000f1900000)
 ParOldGen       total 253440K, used 59490K [0x0000000080000000, 0x000000008f780000, 0x00000000d5580000)
  object space 253440K, 23% used [0x0000000080000000,0x0000000083a18948,0x000000008f780000)
 Metaspace       used 80363K, capacity 84450K, committed 84632K, reserved 1122304K
  class space    used 10792K, capacity 11594K, committed 11696K, reserved 1048576K
}
Event: 303.903 GC heap before
{Heap before GC invocations=17 (full 5):
 PSYoungGen      total 439808K, used 406016K [0x00000000d5580000, 0x00000000f3880000, 0x0000000100000000)
  eden space 406016K, 100% used [0x00000000d5580000,0x00000000ee200000,0x00000000ee200000)
  from space 33792K, 0% used [0x00000000ee200000,0x00000000ee200000,0x00000000f0300000)
  to   space 22528K, 0% used [0x00000000f0300000,0x00000000f0300000,0x00000000f1900000)
 ParOldGen       total 253440K, used 59490K [0x0000000080000000, 0x000000008f780000, 0x00000000d5580000)
  object space 253440K, 23% used [0x0000000080000000,0x0000000083a18948,0x000000008f780000)
 Metaspace       used 83488K, capacity 87948K, committed 88216K, reserved 1126400K
  class space    used 11090K, capacity 11927K, committed 11952K, reserved 1048576K
Event: 303.936 GC heap after
Heap after GC invocations=17 (full 5):
 PSYoungGen      total 428544K, used 22496K [0x00000000d5580000, 0x00000000f3880000, 0x0000000100000000)
  eden space 406016K, 0% used [0x00000000d5580000,0x00000000d5580000,0x00000000ee200000)
  from space 22528K, 99% used [0x00000000f0300000,0x00000000f18f8020,0x00000000f1900000)
  to   space 33792K, 0% used [0x00000000ee200000,0x00000000ee200000,0x00000000f0300000)
 ParOldGen       total 253440K, used 63028K [0x0000000080000000, 0x000000008f780000, 0x00000000d5580000)
  object space 253440K, 24% used [0x0000000080000000,0x0000000083d8d0b8,0x000000008f780000)
 Metaspace       used 83488K, capacity 87948K, committed 88216K, reserved 1126400K
  class space    used 11090K, capacity 11927K, committed 11952K, reserved 1048576K
}
Event: 393.622 GC heap before
{Heap before GC invocations=18 (full 5):
 PSYoungGen      total 428544K, used 428512K [0x00000000d5580000, 0x00000000f3880000, 0x0000000100000000)
  eden space 406016K, 100% used [0x00000000d5580000,0x00000000ee200000,0x00000000ee200000)
  from space 22528K, 99% used [0x00000000f0300000,0x00000000f18f8020,0x00000000f1900000)
  to   space 33792K, 0% used [0x00000000ee200000,0x00000000ee200000,0x00000000f0300000)
 ParOldGen       total 253440K, used 63028K [0x0000000080000000, 0x000000008f780000, 0x00000000d5580000)
  object space 253440K, 24% used [0x0000000080000000,0x0000000083d8d0b8,0x000000008f780000)
 Metaspace       used 84120K, capacity 88868K, committed 89112K, reserved 1126400K
  class space    used 11138K, capacity 12013K, committed 12080K, reserved 1048576K
Event: 393.656 GC heap after
Heap after GC invocations=18 (full 5):
 PSYoungGen      total 439808K, used 14976K [0x00000000d5580000, 0x00000000f3880000, 0x0000000100000000)
  eden space 406016K, 0% used [0x00000000d5580000,0x00000000d5580000,0x00000000ee200000)
  from space 33792K, 44% used [0x00000000ee200000,0x00000000ef0a0020,0x00000000f0300000)
  to   space 22528K, 0% used [0x00000000f0300000,0x00000000f0300000,0x00000000f1900000)
 ParOldGen       total 253440K, used 79225K [0x0000000080000000, 0x000000008f780000, 0x00000000d5580000)
  object space 253440K, 31% used [0x0000000080000000,0x0000000084d5e678,0x000000008f780000)
 Metaspace       used 84120K, capacity 88868K, committed 89112K, reserved 1126400K
  class space    used 11138K, capacity 12013K, committed 12080K, reserved 1048576K
}
Event: 482.689 GC heap before
{Heap before GC invocations=19 (full 5):
 PSYoungGen      total 439808K, used 420992K [0x00000000d5580000, 0x00000000f3880000, 0x0000000100000000)
  eden space 406016K, 100% used [0x00000000d5580000,0x00000000ee200000,0x00000000ee200000)
  from space 33792K, 44% used [0x00000000ee200000,0x00000000ef0a0020,0x00000000f0300000)
  to   space 22528K, 0% used [0x00000000f0300000,0x00000000f0300000,0x00000000f1900000)
 ParOldGen       total 253440K, used 79225K [0x0000000080000000, 0x000000008f780000, 0x00000000d5580000)
  object space 253440K, 31% used [0x0000000080000000,0x0000000084d5e678,0x000000008f780000)
 Metaspace       used 85003K, capacity 90732K, committed 90904K, reserved 1128448K
  class space    used 11272K, capacity 12259K, committed 12336K, reserved 1048576K
Event: 482.704 GC heap after
Heap after GC invocations=19 (full 5):
 PSYoungGen      total 405504K, used 6720K [0x00000000d5580000, 0x00000000f9480000, 0x0000000100000000)
  eden space 382976K, 0% used [0x00000000d5580000,0x00000000d5580000,0x00000000ecb80000)
  from space 22528K, 29% used [0x00000000f0300000,0x00000000f0990010,0x00000000f1900000)
  to   space 56832K, 0% used [0x00000000ecb80000,0x00000000ecb80000,0x00000000f0300000)
 ParOldGen       total 253440K, used 79233K [0x0000000080000000, 0x000000008f780000, 0x00000000d5580000)
  object space 253440K, 31% used [0x0000000080000000,0x0000000084d60678,0x000000008f780000)
 Metaspace       used 85003K, capacity 90732K, committed 90904K, reserved 1128448K
  class space    used 11272K, capacity 12259K, committed 12336K, reserved 1048576K
}

