# JRE version: OpenJDK Runtime Environment (8.0_242-b01) (build 1.8.0_242-release-1644-b01)
# Java VM: OpenJDK 64-Bit Server VM (25.242-b01 mixed mode windows-amd64 compressed oops)
Heap:
 PSYoungGen      total 410624K, used 82826K [0x00000000d5580000, 0x00000000f0800000, 0x0000000100000000)
  eden space 376320K, 22% used [0x00000000d5580000,0x00000000da662bd0,0x00000000ec500000)
  from space 34304K, 0% used [0x00000000ec500000,0x00000000ec500000,0x00000000ee680000)
  to   space 28160K, 0% used [0x00000000eec80000,0x00000000eec80000,0x00000000f0800000)
 ParOldGen       total 238080K, used 49508K [0x0000000080000000, 0x000000008e880000, 0x00000000d5580000)
  object space 238080K, 20% used [0x0000000080000000,0x0000000083059098,0x000000008e880000)
 Metaspace       used 93618K, capacity 97683K, committed 98752K, reserved 1134592K
  class space    used 12204K, capacity 13062K, committed 13288K, reserved 1048576K
GC Heap History (10 events):
Event: 13.269 GC heap before
{Heap before GC invocations=13 (full 3):
 PSYoungGen      total 284160K, used 268800K [0x00000000d5580000, 0x00000000ec980000, 0x0000000100000000)
  eden space 268800K, 100% used [0x00000000d5580000,0x00000000e5c00000,0x00000000e5c00000)
  from space 15360K, 0% used [0x00000000e5c00000,0x00000000e5c00000,0x00000000e6b00000)
  to   space 22528K, 0% used [0x00000000eb380000,0x00000000eb380000,0x00000000ec980000)
 ParOldGen       total 177152K, used 40787K [0x0000000080000000, 0x000000008ad00000, 0x00000000d5580000)
  object space 177152K, 23% used [0x0000000080000000,0x00000000827d4d28,0x000000008ad00000)
 Metaspace       used 72859K, capacity 76254K, committed 76376K, reserved 1116160K
  class space    used 9929K, capacity 10584K, committed 10624K, reserved 1048576K
Event: 13.300 GC heap after
Heap after GC invocations=13 (full 3):
 PSYoungGen      total 347648K, used 22516K [0x00000000d5580000, 0x00000000ec980000, 0x0000000100000000)
  eden space 325120K, 0% used [0x00000000d5580000,0x00000000d5580000,0x00000000e9300000)
  from space 22528K, 99% used [0x00000000eb380000,0x00000000ec97d3c8,0x00000000ec980000)
  to   space 26624K, 0% used [0x00000000e9580000,0x00000000e9580000,0x00000000eaf80000)
 ParOldGen       total 177152K, used 42824K [0x0000000080000000, 0x000000008ad00000, 0x00000000d5580000)
  object space 177152K, 24% used [0x0000000080000000,0x00000000829d2298,0x000000008ad00000)
 Metaspace       used 72859K, capacity 76254K, committed 76376K, reserved 1116160K
  class space    used 9929K, capacity 10584K, committed 10624K, reserved 1048576K
}
Event: 4028.260 GC heap before
{Heap before GC invocations=14 (full 3):
 PSYoungGen      total 347648K, used 347636K [0x00000000d5580000, 0x00000000ec980000, 0x0000000100000000)
  eden space 325120K, 100% used [0x00000000d5580000,0x00000000e9300000,0x00000000e9300000)
  from space 22528K, 99% used [0x00000000eb380000,0x00000000ec97d3c8,0x00000000ec980000)
  to   space 26624K, 0% used [0x00000000e9580000,0x00000000e9580000,0x00000000eaf80000)
 ParOldGen       total 177152K, used 42824K [0x0000000080000000, 0x000000008ad00000, 0x00000000d5580000)
  object space 177152K, 24% used [0x0000000080000000,0x00000000829d2298,0x000000008ad00000)
 Metaspace       used 85647K, capacity 89770K, committed 90072K, reserved 1126400K
  class space    used 11342K, capacity 12218K, committed 12288K, reserved 1048576K
Event: 4028.348 GC heap after
Heap after GC invocations=14 (full 3):
 PSYoungGen      total 354304K, used 26601K [0x00000000d5580000, 0x00000000f0f80000, 0x0000000100000000)
  eden space 327680K, 0% used [0x00000000d5580000,0x00000000d5580000,0x00000000e9580000)
  from space 26624K, 99% used [0x00000000e9580000,0x00000000eaf7a618,0x00000000eaf80000)
  to   space 35840K, 0% used [0x00000000eec80000,0x00000000eec80000,0x00000000f0f80000)
 ParOldGen       total 177152K, used 57379K [0x0000000080000000, 0x000000008ad00000, 0x00000000d5580000)
  object space 177152K, 32% used [0x0000000080000000,0x0000000083808cb8,0x000000008ad00000)
 Metaspace       used 85647K, capacity 89770K, committed 90072K, reserved 1126400K
  class space    used 11342K, capacity 12218K, committed 12288K, reserved 1048576K
}
Event: 4038.762 GC heap before
{Heap before GC invocations=15 (full 3):
 PSYoungGen      total 354304K, used 354281K [0x00000000d5580000, 0x00000000f0f80000, 0x0000000100000000)
  eden space 327680K, 100% used [0x00000000d5580000,0x00000000e9580000,0x00000000e9580000)
  from space 26624K, 99% used [0x00000000e9580000,0x00000000eaf7a618,0x00000000eaf80000)
  to   space 35840K, 0% used [0x00000000eec80000,0x00000000eec80000,0x00000000f0f80000)
 ParOldGen       total 177152K, used 57379K [0x0000000080000000, 0x000000008ad00000, 0x00000000d5580000)
  object space 177152K, 32% used [0x0000000080000000,0x0000000083808cb8,0x000000008ad00000)
 Metaspace       used 93613K, capacity 98086K, committed 98136K, reserved 1134592K
  class space    used 12247K, capacity 13182K, committed 13184K, reserved 1048576K
Event: 4038.821 GC heap after
Heap after GC invocations=15 (full 3):
 PSYoungGen      total 404480K, used 17864K [0x00000000d5580000, 0x00000000f0800000, 0x0000000100000000)
  eden space 376320K, 0% used [0x00000000d5580000,0x00000000d5580000,0x00000000ec500000)
  from space 28160K, 63% used [0x00000000eec80000,0x00000000efdf23c8,0x00000000f0800000)
  to   space 34304K, 0% used [0x00000000ec500000,0x00000000ec500000,0x00000000ee680000)
 ParOldGen       total 177152K, used 72971K [0x0000000080000000, 0x000000008ad00000, 0x00000000d5580000)
  object space 177152K, 41% used [0x0000000080000000,0x0000000084742c10,0x000000008ad00000)
 Metaspace       used 93613K, capacity 98086K, committed 98136K, reserved 1134592K
  class space    used 12247K, capacity 13182K, committed 13184K, reserved 1048576K
}
Event: 4039.151 GC heap before
{Heap before GC invocations=16 (full 3):
 PSYoungGen      total 404480K, used 41412K [0x00000000d5580000, 0x00000000f0800000, 0x0000000100000000)
  eden space 376320K, 6% used [0x00000000d5580000,0x00000000d6c7eca0,0x00000000ec500000)
  from space 28160K, 63% used [0x00000000eec80000,0x00000000efdf23c8,0x00000000f0800000)
  to   space 34304K, 0% used [0x00000000ec500000,0x00000000ec500000,0x00000000ee680000)
 ParOldGen       total 177152K, used 72971K [0x0000000080000000, 0x000000008ad00000, 0x00000000d5580000)
  object space 177152K, 41% used [0x0000000080000000,0x0000000084742c10,0x000000008ad00000)
 Metaspace       used 93874K, capacity 98439K, committed 98496K, reserved 1134592K
  class space    used 12288K, capacity 13231K, committed 13288K, reserved 1048576K
Event: 4039.171 GC heap after
Heap after GC invocations=16 (full 3):
 PSYoungGen      total 410624K, used 11047K [0x00000000d5580000, 0x00000000f0800000, 0x0000000100000000)
  eden space 376320K, 0% used [0x00000000d5580000,0x00000000d5580000,0x00000000ec500000)
  from space 34304K, 32% used [0x00000000ec500000,0x00000000ecfc9c68,0x00000000ee680000)
  to   space 28160K, 0% used [0x00000000eec80000,0x00000000eec80000,0x00000000f0800000)
 ParOldGen       total 177152K, used 72979K [0x0000000080000000, 0x000000008ad00000, 0x00000000d5580000)
  object space 177152K, 41% used [0x0000000080000000,0x0000000084744c10,0x000000008ad00000)
 Metaspace       used 93874K, capacity 98439K, committed 98496K, reserved 1134592K
  class space    used 12288K, capacity 13231K, committed 13288K, reserved 1048576K
}
Event: 4039.171 GC heap before
{Heap before GC invocations=17 (full 4):
 PSYoungGen      total 410624K, used 11047K [0x00000000d5580000, 0x00000000f0800000, 0x0000000100000000)
  eden space 376320K, 0% used [0x00000000d5580000,0x00000000d5580000,0x00000000ec500000)
  from space 34304K, 32% used [0x00000000ec500000,0x00000000ecfc9c68,0x00000000ee680000)
  to   space 28160K, 0% used [0x00000000eec80000,0x00000000eec80000,0x00000000f0800000)
 ParOldGen       total 177152K, used 72979K [0x0000000080000000, 0x000000008ad00000, 0x00000000d5580000)
  object space 177152K, 41% used [0x0000000080000000,0x0000000084744c10,0x000000008ad00000)
 Metaspace       used 93874K, capacity 98439K, committed 98496K, reserved 1134592K
  class space    used 12288K, capacity 13231K, committed 13288K, reserved 1048576K
Event: 4039.778 GC heap after
Heap after GC invocations=17 (full 4):
 PSYoungGen      total 410624K, used 0K [0x00000000d5580000, 0x00000000f0800000, 0x0000000100000000)
  eden space 376320K, 0% used [0x00000000d5580000,0x00000000d5580000,0x00000000ec500000)
  from space 34304K, 0% used [0x00000000ec500000,0x00000000ec500000,0x00000000ee680000)
  to   space 28160K, 0% used [0x00000000eec80000,0x00000000eec80000,0x00000000f0800000)
 ParOldGen       total 238080K, used 49508K [0x0000000080000000, 0x000000008e880000, 0x00000000d5580000)
  object space 238080K, 20% used [0x0000000080000000,0x0000000083059098,0x000000008e880000)
 Metaspace       used 93018K, capacity 96869K, committed 98496K, reserved 1134592K
  class space    used 12116K, capacity 12919K, committed 13288K, reserved 1048576K
}

