# JRE version: OpenJDK Runtime Environment (8.0_242-b01) (build 1.8.0_242-release-1644-b01)
# Java VM: OpenJDK 64-Bit Server VM (25.242-b01 mixed mode windows-amd64 compressed oops)
Heap:
 PSYoungGen      total 582144K, used 490353K [0x00000000d5580000, 0x00000000ff200000, 0x0000000100000000)
  eden space 498176K, 89% used [0x00000000d5580000,0x00000000f098e878,0x00000000f3c00000)
  from space 83968K, 52% used [0x00000000fa000000,0x00000000fcacdf00,0x00000000ff200000)
  to   space 93184K, 0% used [0x00000000f3c00000,0x00000000f3c00000,0x00000000f9700000)
 ParOldGen       total 401408K, used 199902K [0x0000000080000000, 0x0000000098800000, 0x00000000d5580000)
  object space 401408K, 49% used [0x0000000080000000,0x000000008c337918,0x0000000098800000)
 Metaspace       used 146513K, capacity 156276K, committed 156696K, reserved 1185792K
  class space    used 18996K, capacity 20645K, committed 21040K, reserved 1048576K
GC Heap History (10 events):
Event: 4027.198 GC heap before
{Heap before GC invocations=27 (full 5):
 PSYoungGen      total 633856K, used 568753K [0x00000000d5580000, 0x0000000100000000, 0x0000000100000000)
  eden space 568832K, 99% used [0x00000000d5580000,0x00000000f80ec590,0x00000000f8100000)
  from space 65024K, 0% used [0x00000000f8100000,0x00000000f8100000,0x00000000fc080000)
  to   space 65024K, 0% used [0x00000000fc080000,0x00000000fc080000,0x0000000100000000)
 ParOldGen       total 401408K, used 175778K [0x0000000080000000, 0x0000000098800000, 0x00000000d5580000)
  object space 401408K, 43% used [0x0000000080000000,0x000000008aba8a50,0x0000000098800000)
 Metaspace       used 144153K, capacity 151382K, committed 154520K, reserved 1183744K
  class space    used 18611K, capacity 19940K, committed 20656K, reserved 1048576K
Event: 4027.333 GC heap after
Heap after GC invocations=27 (full 5):
 PSYoungGen      total 540672K, used 65001K [0x00000000d5580000, 0x0000000100000000, 0x0000000100000000)
  eden space 475648K, 0% used [0x00000000d5580000,0x00000000d5580000,0x00000000f2600000)
  from space 65024K, 99% used [0x00000000fc080000,0x00000000ffffa590,0x0000000100000000)
  to   space 111616K, 0% used [0x00000000f2600000,0x00000000f2600000,0x00000000f9300000)
 ParOldGen       total 401408K, used 199878K [0x0000000080000000, 0x0000000098800000, 0x00000000d5580000)
  object space 401408K, 49% used [0x0000000080000000,0x000000008c331918,0x0000000098800000)
 Metaspace       used 144153K, capacity 151382K, committed 154520K, reserved 1183744K
  class space    used 18611K, capacity 19940K, committed 20656K, reserved 1048576K
}
Event: 4170.230 GC heap before
{Heap before GC invocations=28 (full 5):
 PSYoungGen      total 540672K, used 540649K [0x00000000d5580000, 0x0000000100000000, 0x0000000100000000)
  eden space 475648K, 100% used [0x00000000d5580000,0x00000000f2600000,0x00000000f2600000)
  from space 65024K, 99% used [0x00000000fc080000,0x00000000ffffa590,0x0000000100000000)
  to   space 111616K, 0% used [0x00000000f2600000,0x00000000f2600000,0x00000000f9300000)
 ParOldGen       total 401408K, used 199878K [0x0000000080000000, 0x0000000098800000, 0x00000000d5580000)
  object space 401408K, 49% used [0x0000000080000000,0x000000008c331918,0x0000000098800000)
 Metaspace       used 144541K, capacity 152080K, committed 154520K, reserved 1183744K
  class space    used 18669K, capacity 20045K, committed 20656K, reserved 1048576K
Event: 4170.299 GC heap after
Heap after GC invocations=28 (full 5):
 PSYoungGen      total 587264K, used 51183K [0x00000000d5580000, 0x0000000100000000, 0x0000000100000000)
  eden space 475648K, 0% used [0x00000000d5580000,0x00000000d5580000,0x00000000f2600000)
  from space 111616K, 45% used [0x00000000f2600000,0x00000000f57fbec8,0x00000000f9300000)
  to   space 107520K, 0% used [0x00000000f9700000,0x00000000f9700000,0x0000000100000000)
 ParOldGen       total 401408K, used 199886K [0x0000000080000000, 0x0000000098800000, 0x00000000d5580000)
  object space 401408K, 49% used [0x0000000080000000,0x000000008c333918,0x0000000098800000)
 Metaspace       used 144541K, capacity 152080K, committed 154520K, reserved 1183744K
  class space    used 18669K, capacity 20045K, committed 20656K, reserved 1048576K
}
Event: 4292.327 GC heap before
{Heap before GC invocations=29 (full 5):
 PSYoungGen      total 587264K, used 526831K [0x00000000d5580000, 0x0000000100000000, 0x0000000100000000)
  eden space 475648K, 100% used [0x00000000d5580000,0x00000000f2600000,0x00000000f2600000)
  from space 111616K, 45% used [0x00000000f2600000,0x00000000f57fbec8,0x00000000f9300000)
  to   space 107520K, 0% used [0x00000000f9700000,0x00000000f9700000,0x0000000100000000)
 ParOldGen       total 401408K, used 199886K [0x0000000080000000, 0x0000000098800000, 0x00000000d5580000)
  object space 401408K, 49% used [0x0000000080000000,0x000000008c333918,0x0000000098800000)
 Metaspace       used 145481K, capacity 154340K, committed 154904K, reserved 1183744K
  class space    used 18850K, capacity 20379K, committed 20784K, reserved 1048576K
Event: 4292.412 GC heap after
Heap after GC invocations=29 (full 5):
 PSYoungGen      total 572928K, used 37079K [0x00000000d5580000, 0x00000000ff200000, 0x0000000100000000)
  eden space 479744K, 0% used [0x00000000d5580000,0x00000000d5580000,0x00000000f2a00000)
  from space 93184K, 39% used [0x00000000f9700000,0x00000000fbb35db8,0x00000000ff200000)
  to   space 102400K, 0% used [0x00000000f2a00000,0x00000000f2a00000,0x00000000f8e00000)
 ParOldGen       total 401408K, used 199886K [0x0000000080000000, 0x0000000098800000, 0x00000000d5580000)
  object space 401408K, 49% used [0x0000000080000000,0x000000008c333918,0x0000000098800000)
 Metaspace       used 145481K, capacity 154340K, committed 154904K, reserved 1183744K
  class space    used 18850K, capacity 20379K, committed 20784K, reserved 1048576K
}
Event: 4392.625 GC heap before
{Heap before GC invocations=30 (full 5):
 PSYoungGen      total 572928K, used 516823K [0x00000000d5580000, 0x00000000ff200000, 0x0000000100000000)
  eden space 479744K, 100% used [0x00000000d5580000,0x00000000f2a00000,0x00000000f2a00000)
  from space 93184K, 39% used [0x00000000f9700000,0x00000000fbb35db8,0x00000000ff200000)
  to   space 102400K, 0% used [0x00000000f2a00000,0x00000000f2a00000,0x00000000f8e00000)
 ParOldGen       total 401408K, used 199886K [0x0000000080000000, 0x0000000098800000, 0x00000000d5580000)
  object space 401408K, 49% used [0x0000000080000000,0x000000008c333918,0x0000000098800000)
 Metaspace       used 145916K, capacity 155330K, committed 155800K, reserved 1183744K
  class space    used 18933K, capacity 20532K, committed 20912K, reserved 1048576K
Event: 4392.679 GC heap after
Heap after GC invocations=30 (full 5):
 PSYoungGen      total 582144K, used 34423K [0x00000000d5580000, 0x0000000100000000, 0x0000000100000000)
  eden space 479744K, 0% used [0x00000000d5580000,0x00000000d5580000,0x00000000f2a00000)
  from space 102400K, 33% used [0x00000000f2a00000,0x00000000f4b9dec0,0x00000000f8e00000)
  to   space 98304K, 0% used [0x00000000fa000000,0x00000000fa000000,0x0000000100000000)
 ParOldGen       total 401408K, used 199894K [0x0000000080000000, 0x0000000098800000, 0x00000000d5580000)
  object space 401408K, 49% used [0x0000000080000000,0x000000008c335918,0x0000000098800000)
 Metaspace       used 145916K, capacity 155330K, committed 155800K, reserved 1183744K
  class space    used 18933K, capacity 20532K, committed 20912K, reserved 1048576K
}
Event: 4424.325 GC heap before
{Heap before GC invocations=31 (full 5):
 PSYoungGen      total 582144K, used 513739K [0x00000000d5580000, 0x0000000100000000, 0x0000000100000000)
  eden space 479744K, 99% used [0x00000000d5580000,0x00000000f2994e00,0x00000000f2a00000)
  from space 102400K, 33% used [0x00000000f2a00000,0x00000000f4b9dec0,0x00000000f8e00000)
  to   space 98304K, 0% used [0x00000000fa000000,0x00000000fa000000,0x0000000100000000)
 ParOldGen       total 401408K, used 199894K [0x0000000080000000, 0x0000000098800000, 0x00000000d5580000)
  object space 401408K, 49% used [0x0000000080000000,0x000000008c335918,0x0000000098800000)
 Metaspace       used 146092K, capacity 155614K, committed 156056K, reserved 1183744K
  class space    used 18941K, capacity 20546K, committed 20912K, reserved 1048576K
Event: 4424.381 GC heap after
Heap after GC invocations=31 (full 5):
 PSYoungGen      total 582144K, used 43831K [0x00000000d5580000, 0x00000000ff200000, 0x0000000100000000)
  eden space 498176K, 0% used [0x00000000d5580000,0x00000000d5580000,0x00000000f3c00000)
  from space 83968K, 52% used [0x00000000fa000000,0x00000000fcacdf00,0x00000000ff200000)
  to   space 93184K, 0% used [0x00000000f3c00000,0x00000000f3c00000,0x00000000f9700000)
 ParOldGen       total 401408K, used 199902K [0x0000000080000000, 0x0000000098800000, 0x00000000d5580000)
  object space 401408K, 49% used [0x0000000080000000,0x000000008c337918,0x0000000098800000)
 Metaspace       used 146092K, capacity 155614K, committed 156056K, reserved 1183744K
  class space    used 18941K, capacity 20546K, committed 20912K, reserved 1048576K
}

